[2026-07-02 00:02:29 UTC] ============================================================ 
[2026-07-02 00:02:29 UTC] PREIS Ebola RDC — Cloud SitRep Monitor started 
[2026-07-02 00:02:29 UTC] ROOT: /home/runner/work/PREIS_Ebola_DRC_Sitrep/PREIS_Ebola_DRC_Sitrep 
[2026-07-02 00:02:29 UTC] DRY_RUN: FALSE 
[2026-07-02 00:02:29 UTC] MAX_PAGES: 6 
[2026-07-02 00:02:29 UTC] Scanning INSP category page: https://insp.cd/category/sitrep/ 
[2026-07-02 00:02:36 UTC] Page 1: 10 SitRep candidate(s) 
[2026-07-02 00:02:40 UTC] Page 2: 10 SitRep candidate(s) 
[2026-07-02 00:02:45 UTC] Page 3: 7 SitRep candidate(s) 
[2026-07-02 00:03:17 UTC] Latest SitRep online: N46 
[2026-07-02 00:03:17 UTC] SitRep page: https://insp.cd/sitrep-n046-mvb_29-06-2026/ 
[2026-07-02 00:03:22 UTC] PDF URL resolved: https://insp.cd/wp-content/uploads/2026/07/Draft-SitRep_MVE_RDC_NA°046_29_06_2026_PAZ.pdf 
[2026-07-02 00:03:22 UTC] SitRep N46 already sent. No duplicate email. 
[2026-07-02 10:27:00 UTC] ============================================================ 
[2026-07-02 10:27:00 UTC] PREIS Ebola RDC — Cloud SitRep Monitor started 
[2026-07-02 10:27:00 UTC] ROOT: /home/runner/work/PREIS_Ebola_DRC_Sitrep/PREIS_Ebola_DRC_Sitrep 
[2026-07-02 10:27:00 UTC] DRY_RUN: FALSE 
[2026-07-02 10:27:00 UTC] MAX_PAGES: 6 
[2026-07-02 10:27:00 UTC] Scanning INSP category page: https://insp.cd/category/sitrep/ 
[2026-07-02 10:27:06 UTC] Page 1: 10 SitRep candidate(s) 
[2026-07-02 10:27:10 UTC] Page 2: 10 SitRep candidate(s) 
[2026-07-02 10:27:15 UTC] Page 3: 8 SitRep candidate(s) 
[2026-07-02 10:27:47 UTC] Latest SitRep online: N47 
[2026-07-02 10:27:47 UTC] SitRep page: https://insp.cd/sitrep-n047-mvb_30-06-2026/ 
[2026-07-02 10:27:51 UTC] PDF URL resolved: https://insp.cd/wp-content/uploads/2026/07/Draft-Final-SitRep_MVE_RDC_NA°047_30_06_2026_IM.pdf 
[2026-07-02 10:27:51 UTC] Downloading PDF SitRep N47 
[2026-07-02 10:28:15 UTC] WARNING: PDF download failed; continuing without PDF attachment so email alert can still be sent. 
[2026-07-02 12:36:45 UTC] ============================================================ 
[2026-07-02 12:36:45 UTC] PREIS Ebola RDC — Cloud SitRep Monitor started 
[2026-07-02 12:36:45 UTC] ROOT: /home/runner/work/PREIS_Ebola_DRC_Sitrep/PREIS_Ebola_DRC_Sitrep 
[2026-07-02 12:36:45 UTC] DRY_RUN: FALSE 
[2026-07-02 12:36:45 UTC] MAX_PAGES: 6 
[2026-07-02 12:36:45 UTC] Scanning INSP category page: https://insp.cd/category/sitrep/ 
[2026-07-02 12:36:50 UTC] Page 1: 10 SitRep candidate(s) 
[2026-07-02 12:36:54 UTC] Page 2: 10 SitRep candidate(s) 
[2026-07-02 12:36:58 UTC] Page 3: 8 SitRep candidate(s) 
[2026-07-02 12:37:28 UTC] Latest SitRep online: N47 
[2026-07-02 12:37:28 UTC] SitRep page: https://insp.cd/sitrep-n047-mvb_30-06-2026/ 
[2026-07-02 12:37:32 UTC] PDF URL resolved: https://insp.cd/wp-content/uploads/2026/07/Draft-Final-SitRep_MVE_RDC_NA°047_30_06_2026_IM.pdf 
[2026-07-02 12:37:32 UTC] PDF already exists locally: /home/runner/work/PREIS_Ebola_DRC_Sitrep/PREIS_Ebola_DRC_Sitrep/data/pdf/PREIS_DRC_Ebola_SitRep_047.pdf 
[2026-07-02 12:37:32 UTC] PDF SHA256: 8c134ca9522e4be3911e596ffc1daa1b4c2ad4ea0108350ff4992bcd582848b7 
[2026-07-02 12:37:32 UTC] Sending email for SitRep N47 
[2026-07-02 12:37:35 UTC] Email sent successfully. 
[2026-07-02 12:37:35 UTC] State updated: /home/runner/work/PREIS_Ebola_DRC_Sitrep/PREIS_Ebola_DRC_Sitrep/data/monitor_state/preis_sitrep_email_state.csv 
[2026-07-02 12:37:35 UTC] Email status: sent 
[2026-07-02 12:37:35 UTC] WhatsApp disabled 
[2026-07-02 12:37:35 UTC] PREIS cloud monitor finished. 
[2026-07-02 12:45:58 UTC] ============================================================ 
[2026-07-02 12:45:58 UTC] PREIS Ebola RDC — Cloud SitRep Monitor started 
[2026-07-02 12:45:58 UTC] ROOT: /home/runner/work/PREIS_Ebola_DRC_Sitrep/PREIS_Ebola_DRC_Sitrep 
[2026-07-02 12:45:58 UTC] DRY_RUN: FALSE 
[2026-07-02 12:45:58 UTC] MAX_PAGES: 6 
[2026-07-02 12:45:58 UTC] Scanning INSP category page: https://insp.cd/category/sitrep/ 
[2026-07-02 12:46:03 UTC] Page 1: 10 SitRep candidate(s) 
[2026-07-02 12:46:07 UTC] Page 2: 10 SitRep candidate(s) 
[2026-07-02 12:46:12 UTC] Page 3: 8 SitRep candidate(s) 
[2026-07-02 12:46:46 UTC] Latest SitRep online: N47 
[2026-07-02 12:46:46 UTC] SitRep page: https://insp.cd/sitrep-n047-mvb_30-06-2026/ 
[2026-07-02 12:46:50 UTC] PDF URL resolved: https://insp.cd/wp-content/uploads/2026/07/Draft-Final-SitRep_MVE_RDC_NA°047_30_06_2026_IM.pdf 
[2026-07-02 12:46:50 UTC] SitRep N47 already sent. No duplicate email. 
[2026-07-02 13:07:31 UTC] ============================================================ 
[2026-07-02 13:07:31 UTC] PREIS Ebola RDC — Cloud SitRep Monitor started 
[2026-07-02 13:07:31 UTC] ROOT: /home/runner/work/PREIS_Ebola_DRC_Sitrep/PREIS_Ebola_DRC_Sitrep 
[2026-07-02 13:07:31 UTC] DRY_RUN: FALSE 
[2026-07-02 13:07:31 UTC] MAX_PAGES: 6 
[2026-07-02 13:07:31 UTC] Scanning INSP category page: https://insp.cd/category/sitrep/ 
[2026-07-02 13:07:36 UTC] Page 1: 10 SitRep candidate(s) 
[2026-07-02 13:07:40 UTC] Page 2: 10 SitRep candidate(s) 
[2026-07-02 13:07:45 UTC] Page 3: 8 SitRep candidate(s) 
[2026-07-02 13:08:21 UTC] Latest SitRep online: N47 
[2026-07-02 13:08:21 UTC] SitRep page: https://insp.cd/sitrep-n047-mvb_30-06-2026/ 
[2026-07-02 13:08:25 UTC] PDF URL resolved: https://insp.cd/wp-content/uploads/2026/07/Draft-Final-SitRep_MVE_RDC_NA°047_30_06_2026_IM.pdf 
[2026-07-02 13:08:26 UTC] SitRep N47 already sent. No duplicate email. 
[2026-07-02 13:35:38 UTC] ============================================================ 
[2026-07-02 13:35:38 UTC] PREIS Ebola RDC — Cloud SitRep Monitor started 
[2026-07-02 13:35:38 UTC] ROOT: /home/runner/work/PREIS_Ebola_DRC_Sitrep/PREIS_Ebola_DRC_Sitrep 
[2026-07-02 13:35:38 UTC] DRY_RUN: FALSE 
[2026-07-02 13:35:38 UTC] MAX_PAGES: 6 
[2026-07-02 13:35:38 UTC] Scanning INSP category page: https://insp.cd/category/sitrep/ 
[2026-07-02 13:35:44 UTC] Page 1: 10 SitRep candidate(s) 
[2026-07-02 13:35:48 UTC] Page 2: 10 SitRep candidate(s) 
[2026-07-02 13:35:52 UTC] Page 3: 8 SitRep candidate(s) 
[2026-07-02 13:36:24 UTC] Latest SitRep online: N47 
[2026-07-02 13:36:24 UTC] SitRep page: https://insp.cd/sitrep-n047-mvb_30-06-2026/ 
[2026-07-02 13:36:28 UTC] PDF URL resolved: https://insp.cd/wp-content/uploads/2026/07/Draft-Final-SitRep_MVE_RDC_NA°047_30_06_2026_IM.pdf 
[2026-07-02 13:36:28 UTC] SitRep N47 already sent. No duplicate email. 
[2026-07-02 13:57:08 UTC] ============================================================ 
[2026-07-02 13:57:08 UTC] PREIS Ebola RDC — Cloud SitRep Monitor started 
[2026-07-02 13:57:08 UTC] ROOT: /home/runner/work/PREIS_Ebola_DRC_Sitrep/PREIS_Ebola_DRC_Sitrep 
[2026-07-02 13:57:08 UTC] DRY_RUN: FALSE 
[2026-07-02 13:57:08 UTC] MAX_PAGES: 6 
[2026-07-02 13:57:08 UTC] Scanning INSP category page: https://insp.cd/category/sitrep/ 
[2026-07-02 13:57:13 UTC] Page 1: 10 SitRep candidate(s) 
[2026-07-02 13:57:17 UTC] Page 2: 10 SitRep candidate(s) 
[2026-07-02 13:57:21 UTC] Page 3: 8 SitRep candidate(s) 
[2026-07-02 13:57:52 UTC] Latest SitRep online: N47 
[2026-07-02 13:57:52 UTC] SitRep page: https://insp.cd/sitrep-n047-mvb_30-06-2026/ 
[2026-07-02 13:57:56 UTC] PDF URL resolved: https://insp.cd/wp-content/uploads/2026/07/Draft-Final-SitRep_MVE_RDC_NA°047_30_06_2026_IM.pdf 
[2026-07-02 13:57:56 UTC] SitRep N47 already sent. No duplicate email. 
[2026-07-02 14:07:00 UTC] ============================================================ 
[2026-07-02 14:07:00 UTC] PREIS Ebola RDC — Cloud SitRep Monitor started 
[2026-07-02 14:07:00 UTC] ROOT: /home/runner/work/PREIS_Ebola_DRC_Sitrep/PREIS_Ebola_DRC_Sitrep 
[2026-07-02 14:07:00 UTC] DRY_RUN: FALSE 
[2026-07-02 14:07:00 UTC] MAX_PAGES: 6 
[2026-07-02 14:07:00 UTC] Scanning INSP category page: https://insp.cd/category/sitrep/ 
[2026-07-02 14:07:06 UTC] Page 1: 10 SitRep candidate(s) 
[2026-07-02 14:07:10 UTC] Page 2: 10 SitRep candidate(s) 
[2026-07-02 14:07:15 UTC] Page 3: 8 SitRep candidate(s) 
[2026-07-02 14:07:47 UTC] Latest SitRep online: N47 
[2026-07-02 14:07:47 UTC] SitRep page: https://insp.cd/sitrep-n047-mvb_30-06-2026/ 
[2026-07-02 14:07:50 UTC] PDF URL resolved: https://insp.cd/wp-content/uploads/2026/07/Draft-Final-SitRep_MVE_RDC_NA°047_30_06_2026_IM.pdf 
[2026-07-02 14:07:50 UTC] SitRep N47 already sent. No duplicate email. 
[2026-07-02 14:36:36 UTC] ============================================================ 
[2026-07-02 14:36:36 UTC] PREIS Ebola RDC — Cloud SitRep Monitor started 
[2026-07-02 14:36:36 UTC] ROOT: /home/runner/work/PREIS_Ebola_DRC_Sitrep/PREIS_Ebola_DRC_Sitrep 
[2026-07-02 14:36:36 UTC] DRY_RUN: FALSE 
[2026-07-02 14:36:36 UTC] MAX_PAGES: 6 
[2026-07-02 14:36:36 UTC] Scanning INSP category page: https://insp.cd/category/sitrep/ 
[2026-07-02 14:36:41 UTC] Page 1: 10 SitRep candidate(s) 
[2026-07-02 14:36:46 UTC] Page 2: 10 SitRep candidate(s) 
[2026-07-02 14:36:50 UTC] Page 3: 8 SitRep candidate(s) 
[2026-07-02 14:37:27 UTC] Latest SitRep online: N47 
[2026-07-02 14:37:27 UTC] SitRep page: https://insp.cd/sitrep-n047-mvb_30-06-2026/ 
[2026-07-02 14:37:32 UTC] PDF URL resolved: https://insp.cd/wp-content/uploads/2026/07/Draft-Final-SitRep_MVE_RDC_NA°047_30_06_2026_IM.pdf 
[2026-07-02 14:37:32 UTC] SitRep N47 already sent. No duplicate email. 
[2026-07-02 15:06:43 UTC] ============================================================ 
[2026-07-02 15:06:43 UTC] PREIS Ebola RDC — Cloud SitRep Monitor started 
[2026-07-02 15:06:43 UTC] ROOT: /home/runner/work/PREIS_Ebola_DRC_Sitrep/PREIS_Ebola_DRC_Sitrep 
[2026-07-02 15:06:43 UTC] DRY_RUN: FALSE 
[2026-07-02 15:06:43 UTC] MAX_PAGES: 6 
[2026-07-02 15:06:43 UTC] Scanning INSP category page: https://insp.cd/category/sitrep/ 
[2026-07-02 15:06:48 UTC] Page 1: 10 SitRep candidate(s) 
[2026-07-02 15:06:52 UTC] Page 2: 10 SitRep candidate(s) 
[2026-07-02 15:06:57 UTC] Page 3: 8 SitRep candidate(s) 
[2026-07-02 15:07:39 UTC] Latest SitRep online: N47 
[2026-07-02 15:07:39 UTC] SitRep page: https://insp.cd/sitrep-n047-mvb_30-06-2026/ 
[2026-07-02 15:07:43 UTC] PDF URL resolved: https://insp.cd/wp-content/uploads/2026/07/Draft-Final-SitRep_MVE_RDC_NA°047_30_06_2026_IM.pdf 
[2026-07-02 15:07:43 UTC] SitRep N47 already sent. No duplicate email. 
[2026-07-02 16:01:50 UTC] ============================================================ 
[2026-07-02 16:01:50 UTC] PREIS Ebola RDC — Cloud SitRep Monitor started 
[2026-07-02 16:01:50 UTC] ROOT: /home/runner/work/PREIS_Ebola_DRC_Sitrep/PREIS_Ebola_DRC_Sitrep 
[2026-07-02 16:01:50 UTC] DRY_RUN: FALSE 
[2026-07-02 16:01:50 UTC] MAX_PAGES: 6 
[2026-07-02 16:01:50 UTC] Scanning INSP category page: https://insp.cd/category/sitrep/ 
[2026-07-02 16:01:55 UTC] Page 1: 10 SitRep candidate(s) 
[2026-07-02 16:01:59 UTC] Page 2: 10 SitRep candidate(s) 
[2026-07-02 16:02:03 UTC] Page 3: 8 SitRep candidate(s) 
[2026-07-02 16:02:33 UTC] Latest SitRep online: N47 
[2026-07-02 16:02:33 UTC] SitRep page: https://insp.cd/sitrep-n047-mvb_30-06-2026/ 
[2026-07-02 16:02:37 UTC] PDF URL resolved: https://insp.cd/wp-content/uploads/2026/07/Draft-Final-SitRep_MVE_RDC_NA°047_30_06_2026_IM.pdf 
[2026-07-02 16:02:37 UTC] SitRep N47 already sent. No duplicate email. 
[2026-07-02 16:37:57 UTC] ============================================================ 
[2026-07-02 16:37:57 UTC] PREIS Ebola RDC — Cloud SitRep Monitor started 
[2026-07-02 16:37:57 UTC] ROOT: /home/runner/work/PREIS_Ebola_DRC_Sitrep/PREIS_Ebola_DRC_Sitrep 
[2026-07-02 16:37:57 UTC] DRY_RUN: FALSE 
[2026-07-02 16:37:57 UTC] MAX_PAGES: 6 
[2026-07-02 16:37:57 UTC] Scanning INSP category page: https://insp.cd/category/sitrep/ 
[2026-07-02 16:38:02 UTC] Page 1: 10 SitRep candidate(s) 
[2026-07-02 16:38:06 UTC] Page 2: 10 SitRep candidate(s) 
[2026-07-02 16:38:09 UTC] Page 3: 8 SitRep candidate(s) 
[2026-07-02 16:38:40 UTC] Latest SitRep online: N47 
[2026-07-02 16:38:40 UTC] SitRep page: https://insp.cd/sitrep-n047-mvb_30-06-2026/ 
[2026-07-02 16:38:44 UTC] PDF URL resolved: https://insp.cd/wp-content/uploads/2026/07/Draft-Final-SitRep_MVE_RDC_NA°047_30_06_2026_IM.pdf 
[2026-07-02 16:38:44 UTC] SitRep N47 already sent. No duplicate email. 
[2026-07-02 16:52:51 UTC] ============================================================ 
[2026-07-02 16:52:51 UTC] PREIS Ebola RDC — Cloud SitRep Monitor started 
[2026-07-02 16:52:51 UTC] ROOT: /home/runner/work/PREIS_Ebola_DRC_Sitrep/PREIS_Ebola_DRC_Sitrep 
[2026-07-02 16:52:51 UTC] DRY_RUN: FALSE 
[2026-07-02 16:52:51 UTC] MAX_PAGES: 6 
[2026-07-02 16:52:51 UTC] Scanning INSP category page: https://insp.cd/category/sitrep/ 
[2026-07-02 16:52:55 UTC] Page 1: 10 SitRep candidate(s) 
[2026-07-02 16:52:59 UTC] Page 2: 10 SitRep candidate(s) 
[2026-07-02 16:53:03 UTC] Page 3: 8 SitRep candidate(s) 
[2026-07-02 16:53:34 UTC] Latest SitRep online: N47 
[2026-07-02 16:53:34 UTC] SitRep page: https://insp.cd/sitrep-n047-mvb_30-06-2026/ 
[2026-07-02 16:53:38 UTC] PDF URL resolved: https://insp.cd/wp-content/uploads/2026/07/Draft-Final-SitRep_MVE_RDC_NA°047_30_06_2026_IM.pdf 
[2026-07-02 16:53:38 UTC] SitRep N47 already sent. No duplicate email. 
[2026-07-02 17:07:28 UTC] ============================================================ 
[2026-07-02 17:07:28 UTC] PREIS Ebola RDC — Cloud SitRep Monitor started 
[2026-07-02 17:07:28 UTC] ROOT: /home/runner/work/PREIS_Ebola_DRC_Sitrep/PREIS_Ebola_DRC_Sitrep 
[2026-07-02 17:07:28 UTC] DRY_RUN: FALSE 
[2026-07-02 17:07:28 UTC] MAX_PAGES: 6 
[2026-07-02 17:07:28 UTC] Scanning INSP category page: https://insp.cd/category/sitrep/ 
[2026-07-02 17:07:32 UTC] Page 1: 10 SitRep candidate(s) 
[2026-07-02 17:07:35 UTC] Page 2: 10 SitRep candidate(s) 
[2026-07-02 17:07:39 UTC] Page 3: 8 SitRep candidate(s) 
[2026-07-02 17:08:06 UTC] Latest SitRep online: N47 
[2026-07-02 17:08:06 UTC] SitRep page: https://insp.cd/sitrep-n047-mvb_30-06-2026/ 
[2026-07-02 17:08:09 UTC] PDF URL resolved: https://insp.cd/wp-content/uploads/2026/07/Draft-Final-SitRep_MVE_RDC_NA°047_30_06_2026_IM.pdf 
[2026-07-02 17:08:09 UTC] SitRep N47 already sent. No duplicate email. 
[2026-07-02 17:39:12 UTC] ============================================================ 
[2026-07-02 17:39:12 UTC] PREIS Ebola RDC — Cloud SitRep Monitor started 
[2026-07-02 17:39:12 UTC] ROOT: /home/runner/work/PREIS_Ebola_DRC_Sitrep/PREIS_Ebola_DRC_Sitrep 
[2026-07-02 17:39:12 UTC] DRY_RUN: FALSE 
[2026-07-02 17:39:12 UTC] MAX_PAGES: 6 
[2026-07-02 17:39:12 UTC] Scanning INSP category page: https://insp.cd/category/sitrep/ 
[2026-07-02 17:39:19 UTC] Page 1: 10 SitRep candidate(s) 
[2026-07-02 17:39:30 UTC] Page 2: 10 SitRep candidate(s) 
[2026-07-02 17:39:43 UTC] Page 3: 8 SitRep candidate(s) 
[2026-07-02 17:40:50 UTC] Latest SitRep online: N47 
[2026-07-02 17:40:50 UTC] SitRep page: https://insp.cd/sitrep-n047-mvb_30-06-2026/ 
[2026-07-02 17:40:56 UTC] PDF URL resolved: https://insp.cd/wp-content/uploads/2026/07/Draft-Final-SitRep_MVE_RDC_NA°047_30_06_2026_IM.pdf 
[2026-07-02 17:40:56 UTC] SitRep N47 already sent. No duplicate email. 
[2026-07-02 18:07:31 UTC] ============================================================ 
[2026-07-02 18:07:31 UTC] PREIS Ebola RDC — Cloud SitRep Monitor started 
[2026-07-02 18:07:31 UTC] ROOT: /home/runner/work/PREIS_Ebola_DRC_Sitrep/PREIS_Ebola_DRC_Sitrep 
[2026-07-02 18:07:31 UTC] DRY_RUN: FALSE 
[2026-07-02 18:07:31 UTC] MAX_PAGES: 6 
[2026-07-02 18:07:31 UTC] Scanning INSP category page: https://insp.cd/category/sitrep/ 
[2026-07-02 18:07:34 UTC] Page 1: 10 SitRep candidate(s) 
[2026-07-02 18:07:38 UTC] Page 2: 10 SitRep candidate(s) 
[2026-07-02 18:07:41 UTC] Page 3: 8 SitRep candidate(s) 
[2026-07-02 18:08:10 UTC] Latest SitRep online: N47 
[2026-07-02 18:08:10 UTC] SitRep page: https://insp.cd/sitrep-n047-mvb_30-06-2026/ 
[2026-07-02 18:08:14 UTC] PDF URL resolved: https://insp.cd/wp-content/uploads/2026/07/Draft-Final-SitRep_MVE_RDC_NA°047_30_06_2026_IM.pdf 
[2026-07-02 18:08:14 UTC] SitRep N47 already sent. No duplicate email. 
[2026-07-02 18:37:30 UTC] ============================================================ 
[2026-07-02 18:37:30 UTC] PREIS Ebola RDC — Cloud SitRep Monitor started 
[2026-07-02 18:37:30 UTC] ROOT: /home/runner/work/PREIS_Ebola_DRC_Sitrep/PREIS_Ebola_DRC_Sitrep 
[2026-07-02 18:37:30 UTC] DRY_RUN: FALSE 
[2026-07-02 18:37:30 UTC] MAX_PAGES: 6 
[2026-07-02 18:37:30 UTC] Scanning INSP category page: https://insp.cd/category/sitrep/ 
[2026-07-02 18:37:35 UTC] Page 1: 10 SitRep candidate(s) 
[2026-07-02 18:37:39 UTC] Page 2: 10 SitRep candidate(s) 
[2026-07-02 18:37:43 UTC] Page 3: 8 SitRep candidate(s) 
[2026-07-02 18:38:13 UTC] Latest SitRep online: N47 
[2026-07-02 18:38:13 UTC] SitRep page: https://insp.cd/sitrep-n047-mvb_30-06-2026/ 
[2026-07-02 18:38:17 UTC] PDF URL resolved: https://insp.cd/wp-content/uploads/2026/07/Draft-Final-SitRep_MVE_RDC_NA°047_30_06_2026_IM.pdf 
[2026-07-02 18:38:17 UTC] SitRep N47 already sent. No duplicate email. 
[2026-07-02 19:07:06 UTC] ============================================================ 
[2026-07-02 19:07:06 UTC] PREIS Ebola RDC — Cloud SitRep Monitor started 
[2026-07-02 19:07:06 UTC] ROOT: /home/runner/work/PREIS_Ebola_DRC_Sitrep/PREIS_Ebola_DRC_Sitrep 
[2026-07-02 19:07:06 UTC] DRY_RUN: FALSE 
[2026-07-02 19:07:06 UTC] MAX_PAGES: 6 
[2026-07-02 19:07:06 UTC] Scanning INSP category page: https://insp.cd/category/sitrep/ 
[2026-07-02 19:07:11 UTC] Page 1: 10 SitRep candidate(s) 
[2026-07-02 19:07:16 UTC] Page 2: 10 SitRep candidate(s) 
[2026-07-02 19:07:20 UTC] Page 3: 8 SitRep candidate(s) 
[2026-07-02 19:07:49 UTC] Latest SitRep online: N47 
[2026-07-02 19:07:49 UTC] SitRep page: https://insp.cd/sitrep-n047-mvb_30-06-2026/ 
[2026-07-02 19:07:52 UTC] PDF URL resolved: https://insp.cd/wp-content/uploads/2026/07/Draft-Final-SitRep_MVE_RDC_NA°047_30_06_2026_IM.pdf 
[2026-07-02 19:07:52 UTC] SitRep N47 already sent. No duplicate email. 
[2026-07-02 19:36:51 UTC] ============================================================ 
[2026-07-02 19:36:51 UTC] PREIS Ebola RDC — Cloud SitRep Monitor started 
[2026-07-02 19:36:51 UTC] ROOT: /home/runner/work/PREIS_Ebola_DRC_Sitrep/PREIS_Ebola_DRC_Sitrep 
[2026-07-02 19:36:51 UTC] DRY_RUN: FALSE 
[2026-07-02 19:36:51 UTC] MAX_PAGES: 6 
[2026-07-02 19:36:51 UTC] Scanning INSP category page: https://insp.cd/category/sitrep/ 
[2026-07-02 19:36:55 UTC] Page 1: 10 SitRep candidate(s) 
[2026-07-02 19:37:00 UTC] Page 2: 10 SitRep candidate(s) 
[2026-07-02 19:37:03 UTC] Page 3: 8 SitRep candidate(s) 
[2026-07-02 19:37:36 UTC] Latest SitRep online: N47 
[2026-07-02 19:37:36 UTC] SitRep page: https://insp.cd/sitrep-n047-mvb_30-06-2026/ 
[2026-07-02 19:37:40 UTC] PDF URL resolved: https://insp.cd/wp-content/uploads/2026/07/Draft-Final-SitRep_MVE_RDC_NA°047_30_06_2026_IM.pdf 
[2026-07-02 19:37:40 UTC] SitRep N47 already sent. No duplicate email. 
[2026-07-02 20:07:51 UTC] ============================================================ 
[2026-07-02 20:07:51 UTC] PREIS Ebola RDC — Cloud SitRep Monitor started 
[2026-07-02 20:07:51 UTC] ROOT: /home/runner/work/PREIS_Ebola_DRC_Sitrep/PREIS_Ebola_DRC_Sitrep 
[2026-07-02 20:07:51 UTC] DRY_RUN: FALSE 
[2026-07-02 20:07:51 UTC] MAX_PAGES: 6 
[2026-07-02 20:07:51 UTC] Scanning INSP category page: https://insp.cd/category/sitrep/ 
[2026-07-02 20:07:56 UTC] Page 1: 10 SitRep candidate(s) 
[2026-07-02 20:07:59 UTC] Page 2: 10 SitRep candidate(s) 
[2026-07-02 20:08:03 UTC] Page 3: 8 SitRep candidate(s) 
[2026-07-02 20:08:31 UTC] Latest SitRep online: N47 
[2026-07-02 20:08:31 UTC] SitRep page: https://insp.cd/sitrep-n047-mvb_30-06-2026/ 
[2026-07-02 20:08:35 UTC] PDF URL resolved: https://insp.cd/wp-content/uploads/2026/07/Draft-Final-SitRep_MVE_RDC_NA°047_30_06_2026_IM.pdf 
[2026-07-02 20:08:35 UTC] SitRep N47 already sent. No duplicate email. 
[2026-07-02 20:37:12 UTC] ============================================================ 
[2026-07-02 20:37:12 UTC] PREIS Ebola RDC — Cloud SitRep Monitor started 
[2026-07-02 20:37:12 UTC] ROOT: /home/runner/work/PREIS_Ebola_DRC_Sitrep/PREIS_Ebola_DRC_Sitrep 
[2026-07-02 20:37:12 UTC] DRY_RUN: FALSE 
[2026-07-02 20:37:12 UTC] MAX_PAGES: 6 
[2026-07-02 20:37:12 UTC] Scanning INSP category page: https://insp.cd/category/sitrep/ 
[2026-07-02 20:37:17 UTC] Page 1: 10 SitRep candidate(s) 
[2026-07-02 20:37:20 UTC] Page 2: 10 SitRep candidate(s) 
[2026-07-02 20:37:23 UTC] Page 3: 8 SitRep candidate(s) 
[2026-07-02 20:37:51 UTC] Latest SitRep online: N47 
[2026-07-02 20:37:51 UTC] SitRep page: https://insp.cd/sitrep-n047-mvb_30-06-2026/ 
[2026-07-02 20:37:55 UTC] PDF URL resolved: https://insp.cd/wp-content/uploads/2026/07/Draft-Final-SitRep_MVE_RDC_NA°047_30_06_2026_IM.pdf 
[2026-07-02 20:37:55 UTC] SitRep N47 already sent. No duplicate email. 
[2026-07-02 20:52:17 UTC] ============================================================ 
[2026-07-02 20:52:17 UTC] PREIS Ebola RDC — Cloud SitRep Monitor started 
[2026-07-02 20:52:17 UTC] ROOT: /home/runner/work/PREIS_Ebola_DRC_Sitrep/PREIS_Ebola_DRC_Sitrep 
[2026-07-02 20:52:17 UTC] DRY_RUN: FALSE 
[2026-07-02 20:52:17 UTC] MAX_PAGES: 6 
[2026-07-02 20:52:17 UTC] Scanning INSP category page: https://insp.cd/category/sitrep/ 
[2026-07-02 20:52:21 UTC] Page 1: 10 SitRep candidate(s) 
[2026-07-02 20:52:24 UTC] Page 2: 10 SitRep candidate(s) 
[2026-07-02 20:52:28 UTC] Page 3: 8 SitRep candidate(s) 
[2026-07-02 20:52:57 UTC] Latest SitRep online: N47 
[2026-07-02 20:52:57 UTC] SitRep page: https://insp.cd/sitrep-n047-mvb_30-06-2026/ 
[2026-07-02 20:53:01 UTC] PDF URL resolved: https://insp.cd/wp-content/uploads/2026/07/Draft-Final-SitRep_MVE_RDC_NA°047_30_06_2026_IM.pdf 
[2026-07-02 20:53:01 UTC] SitRep N47 already sent. No duplicate email. 
[2026-07-02 21:05:40 UTC] ============================================================ 
[2026-07-02 21:05:40 UTC] PREIS Ebola RDC — Cloud SitRep Monitor started 
[2026-07-02 21:05:40 UTC] ROOT: /home/runner/work/PREIS_Ebola_DRC_Sitrep/PREIS_Ebola_DRC_Sitrep 
[2026-07-02 21:05:40 UTC] DRY_RUN: FALSE 
[2026-07-02 21:05:40 UTC] MAX_PAGES: 6 
[2026-07-02 21:05:40 UTC] Scanning INSP category page: https://insp.cd/category/sitrep/ 
[2026-07-02 21:05:45 UTC] Page 1: 10 SitRep candidate(s) 
[2026-07-02 21:05:49 UTC] Page 2: 10 SitRep candidate(s) 
[2026-07-02 21:05:53 UTC] Page 3: 8 SitRep candidate(s) 
[2026-07-02 21:06:27 UTC] Latest SitRep online: N47 
[2026-07-02 21:06:27 UTC] SitRep page: https://insp.cd/sitrep-n047-mvb_30-06-2026/ 
[2026-07-02 21:06:31 UTC] PDF URL resolved: https://insp.cd/wp-content/uploads/2026/07/Draft-Final-SitRep_MVE_RDC_NA°047_30_06_2026_IM.pdf 
[2026-07-02 21:06:31 UTC] SitRep N47 already sent. No duplicate email. 
[2026-07-02 21:37:20 UTC] ============================================================ 
[2026-07-02 21:37:20 UTC] PREIS Ebola RDC — Cloud SitRep Monitor started 
[2026-07-02 21:37:20 UTC] ROOT: /home/runner/work/PREIS_Ebola_DRC_Sitrep/PREIS_Ebola_DRC_Sitrep 
[2026-07-02 21:37:20 UTC] DRY_RUN: FALSE 
[2026-07-02 21:37:20 UTC] MAX_PAGES: 6 
[2026-07-02 21:37:20 UTC] Scanning INSP category page: https://insp.cd/category/sitrep/ 
[2026-07-02 21:37:24 UTC] Page 1: 10 SitRep candidate(s) 
[2026-07-02 21:37:28 UTC] Page 2: 10 SitRep candidate(s) 
[2026-07-02 21:37:31 UTC] Page 3: 8 SitRep candidate(s) 
[2026-07-02 21:37:59 UTC] Latest SitRep online: N47 
[2026-07-02 21:37:59 UTC] SitRep page: https://insp.cd/sitrep-n047-mvb_30-06-2026/ 
[2026-07-02 21:38:03 UTC] PDF URL resolved: https://insp.cd/wp-content/uploads/2026/07/Draft-Final-SitRep_MVE_RDC_NA°047_30_06_2026_IM.pdf 
[2026-07-02 21:38:03 UTC] SitRep N47 already sent. No duplicate email. 
[2026-07-02 22:07:27 UTC] ============================================================ 
[2026-07-02 22:07:27 UTC] PREIS Ebola RDC — Cloud SitRep Monitor started 
[2026-07-02 22:07:27 UTC] ROOT: /home/runner/work/PREIS_Ebola_DRC_Sitrep/PREIS_Ebola_DRC_Sitrep 
[2026-07-02 22:07:27 UTC] DRY_RUN: FALSE 
[2026-07-02 22:07:27 UTC] MAX_PAGES: 6 
[2026-07-02 22:07:27 UTC] Scanning INSP category page: https://insp.cd/category/sitrep/ 
[2026-07-02 22:07:32 UTC] Page 1: 10 SitRep candidate(s) 
[2026-07-02 22:07:35 UTC] Page 2: 10 SitRep candidate(s) 
[2026-07-02 22:07:38 UTC] Page 3: 8 SitRep candidate(s) 
[2026-07-02 22:08:06 UTC] Latest SitRep online: N47 
[2026-07-02 22:08:06 UTC] SitRep page: https://insp.cd/sitrep-n047-mvb_30-06-2026/ 
[2026-07-02 22:08:09 UTC] PDF URL resolved: https://insp.cd/wp-content/uploads/2026/07/Draft-Final-SitRep_MVE_RDC_NA°047_30_06_2026_IM.pdf 
[2026-07-02 22:08:09 UTC] SitRep N47 already sent. No duplicate email. 
[2026-07-02 22:37:30 UTC] ============================================================ 
[2026-07-02 22:37:30 UTC] PREIS Ebola RDC — Cloud SitRep Monitor started 
[2026-07-02 22:37:30 UTC] ROOT: /home/runner/work/PREIS_Ebola_DRC_Sitrep/PREIS_Ebola_DRC_Sitrep 
[2026-07-02 22:37:30 UTC] DRY_RUN: FALSE 
[2026-07-02 22:37:30 UTC] MAX_PAGES: 6 
[2026-07-02 22:37:30 UTC] Scanning INSP category page: https://insp.cd/category/sitrep/ 
[2026-07-02 22:37:34 UTC] Page 1: 10 SitRep candidate(s) 
[2026-07-02 22:37:38 UTC] Page 2: 10 SitRep candidate(s) 
[2026-07-02 22:37:42 UTC] Page 3: 8 SitRep candidate(s) 
[2026-07-02 22:38:14 UTC] Latest SitRep online: N47 
[2026-07-02 22:38:14 UTC] SitRep page: https://insp.cd/sitrep-n047-mvb_30-06-2026/ 
[2026-07-02 22:38:17 UTC] PDF URL resolved: https://insp.cd/wp-content/uploads/2026/07/Draft-Final-SitRep_MVE_RDC_NA°047_30_06_2026_IM.pdf 
[2026-07-02 22:38:17 UTC] SitRep N47 already sent. No duplicate email. 
[2026-07-02 23:07:25 UTC] ============================================================ 
[2026-07-02 23:07:25 UTC] PREIS Ebola RDC — Cloud SitRep Monitor started 
[2026-07-02 23:07:25 UTC] ROOT: /home/runner/work/PREIS_Ebola_DRC_Sitrep/PREIS_Ebola_DRC_Sitrep 
[2026-07-02 23:07:25 UTC] DRY_RUN: FALSE 
[2026-07-02 23:07:25 UTC] MAX_PAGES: 6 
[2026-07-02 23:07:25 UTC] Scanning INSP category page: https://insp.cd/category/sitrep/ 
[2026-07-02 23:07:29 UTC] Page 1: 10 SitRep candidate(s) 
[2026-07-02 23:07:33 UTC] Page 2: 10 SitRep candidate(s) 
[2026-07-02 23:07:37 UTC] Page 3: 8 SitRep candidate(s) 
[2026-07-02 23:08:07 UTC] Latest SitRep online: N47 
[2026-07-02 23:08:07 UTC] SitRep page: https://insp.cd/sitrep-n047-mvb_30-06-2026/ 
[2026-07-02 23:08:11 UTC] PDF URL resolved: https://insp.cd/wp-content/uploads/2026/07/Draft-Final-SitRep_MVE_RDC_NA°047_30_06_2026_IM.pdf 
[2026-07-02 23:08:11 UTC] SitRep N47 already sent. No duplicate email. 
[2026-07-02 23:37:24 UTC] ============================================================ 
[2026-07-02 23:37:24 UTC] PREIS Ebola RDC — Cloud SitRep Monitor started 
[2026-07-02 23:37:24 UTC] ROOT: /home/runner/work/PREIS_Ebola_DRC_Sitrep/PREIS_Ebola_DRC_Sitrep 
[2026-07-02 23:37:24 UTC] DRY_RUN: FALSE 
[2026-07-02 23:37:24 UTC] MAX_PAGES: 6 
[2026-07-02 23:37:24 UTC] Scanning INSP category page: https://insp.cd/category/sitrep/ 
[2026-07-02 23:37:29 UTC] Page 1: 10 SitRep candidate(s) 
[2026-07-02 23:37:33 UTC] Page 2: 10 SitRep candidate(s) 
[2026-07-02 23:37:36 UTC] Page 3: 8 SitRep candidate(s) 
[2026-07-02 23:38:06 UTC] Latest SitRep online: N47 
[2026-07-02 23:38:06 UTC] SitRep page: https://insp.cd/sitrep-n047-mvb_30-06-2026/ 
[2026-07-02 23:38:09 UTC] PDF URL resolved: https://insp.cd/wp-content/uploads/2026/07/Draft-Final-SitRep_MVE_RDC_NA°047_30_06_2026_IM.pdf 
[2026-07-02 23:38:09 UTC] SitRep N47 already sent. No duplicate email. 
