2026-06-14 00:07:02 | ============================================================ 
2026-06-14 00:07:02 | PREIS cloud SitRep monitor started 
2026-06-14 00:07:02 | Reading category: https://insp.cd/category/sitrep/ 
2026-06-14 00:07:07 | Reading category: https://insp.cd/category/sitrep/page/2/ 
2026-06-14 00:07:12 | Reading category: https://insp.cd/category/sitrep/page/3/ 
2026-06-14 00:07:18 | Latest online SitRep: 28 
2026-06-14 00:07:18 | No new SitRep to send. Already sent SitRep: 28 
2026-06-14 00:36:24 | ============================================================ 
2026-06-14 00:36:24 | PREIS cloud SitRep monitor started 
2026-06-14 00:36:24 | Reading category: https://insp.cd/category/sitrep/ 
2026-06-14 00:36:30 | Reading category: https://insp.cd/category/sitrep/page/2/ 
2026-06-14 00:36:34 | Reading category: https://insp.cd/category/sitrep/page/3/ 
2026-06-14 00:36:38 | Latest online SitRep: 28 
2026-06-14 00:36:38 | No new SitRep to send. Already sent SitRep: 28 
2026-06-14 01:06:52 | ============================================================ 
2026-06-14 01:06:52 | PREIS cloud SitRep monitor started 
2026-06-14 01:06:52 | Reading category: https://insp.cd/category/sitrep/ 
2026-06-14 01:06:56 | Reading category: https://insp.cd/category/sitrep/page/2/ 
2026-06-14 01:07:00 | Reading category: https://insp.cd/category/sitrep/page/3/ 
2026-06-14 01:07:03 | Latest online SitRep: 28 
2026-06-14 01:07:03 | No new SitRep to send. Already sent SitRep: 28 
2026-06-14 01:36:27 | ============================================================ 
2026-06-14 01:36:27 | PREIS cloud SitRep monitor started 
2026-06-14 01:36:27 | Reading category: https://insp.cd/category/sitrep/ 
2026-06-14 01:36:32 | Reading category: https://insp.cd/category/sitrep/page/2/ 
2026-06-14 01:36:36 | Reading category: https://insp.cd/category/sitrep/page/3/ 
2026-06-14 01:36:39 | Latest online SitRep: 28 
2026-06-14 01:36:39 | No new SitRep to send. Already sent SitRep: 28 
2026-06-14 02:06:55 | ============================================================ 
2026-06-14 02:06:55 | PREIS cloud SitRep monitor started 
2026-06-14 02:06:55 | Reading category: https://insp.cd/category/sitrep/ 
2026-06-14 02:07:00 | Reading category: https://insp.cd/category/sitrep/page/2/ 
2026-06-14 02:07:04 | Reading category: https://insp.cd/category/sitrep/page/3/ 
2026-06-14 02:07:07 | Latest online SitRep: 28 
2026-06-14 02:07:07 | No new SitRep to send. Already sent SitRep: 28 
2026-06-14 02:36:34 | ============================================================ 
2026-06-14 02:36:34 | PREIS cloud SitRep monitor started 
2026-06-14 02:36:34 | Reading category: https://insp.cd/category/sitrep/ 
2026-06-14 02:36:38 | Reading category: https://insp.cd/category/sitrep/page/2/ 
2026-06-14 02:36:41 | Reading category: https://insp.cd/category/sitrep/page/3/ 
2026-06-14 02:36:44 | Latest online SitRep: 28 
2026-06-14 02:36:44 | No new SitRep to send. Already sent SitRep: 28 
2026-06-14 03:06:50 | ============================================================ 
2026-06-14 03:06:50 | PREIS cloud SitRep monitor started 
2026-06-14 03:06:50 | Reading category: https://insp.cd/category/sitrep/ 
2026-06-14 03:06:55 | Reading category: https://insp.cd/category/sitrep/page/2/ 
2026-06-14 03:06:58 | Reading category: https://insp.cd/category/sitrep/page/3/ 
2026-06-14 03:07:01 | Latest online SitRep: 28 
2026-06-14 03:07:01 | No new SitRep to send. Already sent SitRep: 28 
2026-06-14 03:35:48 | ============================================================ 
2026-06-14 03:35:48 | PREIS cloud SitRep monitor started 
2026-06-14 03:35:48 | Reading category: https://insp.cd/category/sitrep/ 
2026-06-14 03:35:52 | Reading category: https://insp.cd/category/sitrep/page/2/ 
2026-06-14 03:35:56 | Reading category: https://insp.cd/category/sitrep/page/3/ 
2026-06-14 03:35:59 | Latest online SitRep: 28 
2026-06-14 03:35:59 | No new SitRep to send. Already sent SitRep: 28 
2026-06-14 04:06:51 | ============================================================ 
2026-06-14 04:06:51 | PREIS cloud SitRep monitor started 
2026-06-14 04:06:52 | Reading category: https://insp.cd/category/sitrep/ 
2026-06-14 04:06:55 | Reading category: https://insp.cd/category/sitrep/page/2/ 
2026-06-14 04:06:58 | Reading category: https://insp.cd/category/sitrep/page/3/ 
2026-06-14 04:07:02 | Latest online SitRep: 28 
2026-06-14 04:07:02 | No new SitRep to send. Already sent SitRep: 28 
2026-06-14 04:36:51 | ============================================================ 
2026-06-14 04:36:51 | PREIS cloud SitRep monitor started 
2026-06-14 04:36:51 | Reading category: https://insp.cd/category/sitrep/ 
2026-06-14 04:36:56 | Reading category: https://insp.cd/category/sitrep/page/2/ 
2026-06-14 04:36:59 | Reading category: https://insp.cd/category/sitrep/page/3/ 
2026-06-14 04:37:02 | Latest online SitRep: 28 
2026-06-14 04:37:03 | No new SitRep to send. Already sent SitRep: 28 
2026-06-14 05:06:35 | ============================================================ 
2026-06-14 05:06:35 | PREIS cloud SitRep monitor started 
2026-06-14 05:06:35 | Reading category: https://insp.cd/category/sitrep/ 
2026-06-14 05:06:39 | Reading category: https://insp.cd/category/sitrep/page/2/ 
2026-06-14 05:06:42 | Reading category: https://insp.cd/category/sitrep/page/3/ 
2026-06-14 05:06:45 | Latest online SitRep: 28 
2026-06-14 05:06:45 | No new SitRep to send. Already sent SitRep: 28 
2026-06-14 05:36:50 | ============================================================ 
2026-06-14 05:36:50 | PREIS cloud SitRep monitor started 
2026-06-14 05:36:50 | Reading category: https://insp.cd/category/sitrep/ 
2026-06-14 05:36:53 | Reading category: https://insp.cd/category/sitrep/page/2/ 
2026-06-14 05:36:56 | Reading category: https://insp.cd/category/sitrep/page/3/ 
2026-06-14 05:36:59 | Latest online SitRep: 28 
2026-06-14 05:36:59 | No new SitRep to send. Already sent SitRep: 28 
2026-06-14 06:06:46 | ============================================================ 
2026-06-14 06:06:46 | PREIS cloud SitRep monitor started 
2026-06-14 06:06:46 | Reading category: https://insp.cd/category/sitrep/ 
2026-06-14 06:06:50 | Reading category: https://insp.cd/category/sitrep/page/2/ 
2026-06-14 06:06:53 | Reading category: https://insp.cd/category/sitrep/page/3/ 
2026-06-14 06:06:56 | Latest online SitRep: 28 
2026-06-14 06:06:56 | No new SitRep to send. Already sent SitRep: 28 
