2026-06-13 07:31:19 | ============================================================ 
2026-06-13 07:31:19 | PREIS cloud SitRep monitor started 
2026-06-13 07:31:19 | Reading category: https://insp.cd/category/sitrep/ 
2026-06-13 07:31:24 | Reading category: https://insp.cd/category/sitrep/page/2/ 
2026-06-13 07:31:26 | Reading category: https://insp.cd/category/sitrep/page/3/ 
2026-06-13 07:31:29 | Latest online SitRep: 28 
2026-06-13 07:31:29 | No new SitRep to send. Already sent SitRep: 28 
2026-06-13 09:20:57 | ============================================================ 
2026-06-13 09:20:57 | PREIS cloud SitRep monitor started 
2026-06-13 09:20:57 | Reading category: https://insp.cd/category/sitrep/ 
2026-06-13 09:21:01 | Reading category: https://insp.cd/category/sitrep/page/2/ 
2026-06-13 09:21:05 | Reading category: https://insp.cd/category/sitrep/page/3/ 
2026-06-13 09:21:09 | Latest online SitRep: 28 
2026-06-13 09:21:09 | No new SitRep to send. Already sent SitRep: 28 
2026-06-13 13:03:31 | ============================================================ 
2026-06-13 13:03:31 | PREIS cloud SitRep monitor started 
2026-06-13 13:03:31 | Reading category: https://insp.cd/category/sitrep/ 
2026-06-13 13:03:35 | Reading category: https://insp.cd/category/sitrep/page/2/ 
2026-06-13 13:03:39 | Reading category: https://insp.cd/category/sitrep/page/3/ 
2026-06-13 13:03:42 | Latest online SitRep: 28 
2026-06-13 13:03:42 | No new SitRep to send. Already sent SitRep: 28 
2026-06-13 14:17:57 | ============================================================ 
2026-06-13 14:17:57 | PREIS cloud SitRep monitor started 
2026-06-13 14:17:57 | Reading category: https://insp.cd/category/sitrep/ 
2026-06-13 14:18:00 | Reading category: https://insp.cd/category/sitrep/page/2/ 
2026-06-13 14:18:03 | Reading category: https://insp.cd/category/sitrep/page/3/ 
2026-06-13 14:18:06 | Latest online SitRep: 28 
2026-06-13 14:18:06 | No new SitRep to send. Already sent SitRep: 28 
2026-06-13 14:33:39 | ============================================================ 
2026-06-13 14:33:39 | PREIS cloud SitRep monitor started 
2026-06-13 14:33:39 | Reading category: https://insp.cd/category/sitrep/ 
2026-06-13 14:33:43 | Reading category: https://insp.cd/category/sitrep/page/2/ 
2026-06-13 14:33:47 | Reading category: https://insp.cd/category/sitrep/page/3/ 
2026-06-13 14:33:49 | Latest online SitRep: 28 
2026-06-13 14:33:49 | No new SitRep to send. Already sent SitRep: 28 
2026-06-13 16:36:47 | ============================================================ 
2026-06-13 16:36:48 | PREIS cloud SitRep monitor started 
2026-06-13 16:36:48 | Reading category: https://insp.cd/category/sitrep/ 
2026-06-13 16:36:52 | Reading category: https://insp.cd/category/sitrep/page/2/ 
2026-06-13 16:36:54 | Reading category: https://insp.cd/category/sitrep/page/3/ 
2026-06-13 16:36:57 | Latest online SitRep: 28 
2026-06-13 16:36:57 | No new SitRep to send. Already sent SitRep: 28 
2026-06-13 16:51:20 | ============================================================ 
2026-06-13 16:51:20 | PREIS cloud SitRep monitor started 
2026-06-13 16:51:20 | Reading category: https://insp.cd/category/sitrep/ 
2026-06-13 16:51:25 | Reading category: https://insp.cd/category/sitrep/page/2/ 
2026-06-13 16:51:28 | Reading category: https://insp.cd/category/sitrep/page/3/ 
2026-06-13 16:51:30 | Latest online SitRep: 28 
2026-06-13 16:51:30 | No new SitRep to send. Already sent SitRep: 28 
2026-06-13 17:06:54 | ============================================================ 
2026-06-13 17:06:54 | PREIS cloud SitRep monitor started 
2026-06-13 17:06:54 | Reading category: https://insp.cd/category/sitrep/ 
2026-06-13 17:06:58 | Reading category: https://insp.cd/category/sitrep/page/2/ 
2026-06-13 17:07:01 | Reading category: https://insp.cd/category/sitrep/page/3/ 
2026-06-13 17:07:04 | Latest online SitRep: 28 
2026-06-13 17:07:04 | No new SitRep to send. Already sent SitRep: 28 
2026-06-13 17:36:48 | ============================================================ 
2026-06-13 17:36:48 | PREIS cloud SitRep monitor started 
2026-06-13 17:36:48 | Reading category: https://insp.cd/category/sitrep/ 
2026-06-13 17:36:53 | Reading category: https://insp.cd/category/sitrep/page/2/ 
2026-06-13 17:36:56 | Reading category: https://insp.cd/category/sitrep/page/3/ 
2026-06-13 17:37:00 | Latest online SitRep: 28 
2026-06-13 17:37:00 | No new SitRep to send. Already sent SitRep: 28 
2026-06-13 18:07:16 | ============================================================ 
2026-06-13 18:07:16 | PREIS cloud SitRep monitor started 
2026-06-13 18:07:16 | Reading category: https://insp.cd/category/sitrep/ 
2026-06-13 18:07:20 | Reading category: https://insp.cd/category/sitrep/page/2/ 
2026-06-13 18:07:24 | Reading category: https://insp.cd/category/sitrep/page/3/ 
2026-06-13 18:07:27 | Latest online SitRep: 28 
2026-06-13 18:07:27 | No new SitRep to send. Already sent SitRep: 28 
2026-06-13 18:36:45 | ============================================================ 
2026-06-13 18:36:45 | PREIS cloud SitRep monitor started 
2026-06-13 18:36:45 | Reading category: https://insp.cd/category/sitrep/ 
2026-06-13 18:36:49 | Reading category: https://insp.cd/category/sitrep/page/2/ 
2026-06-13 18:36:52 | Reading category: https://insp.cd/category/sitrep/page/3/ 
2026-06-13 18:36:55 | Latest online SitRep: 28 
2026-06-13 18:36:55 | No new SitRep to send. Already sent SitRep: 28 
2026-06-13 19:36:02 | ============================================================ 
2026-06-13 19:36:02 | PREIS cloud SitRep monitor started 
2026-06-13 19:36:02 | Reading category: https://insp.cd/category/sitrep/ 
2026-06-13 19:36:07 | Reading category: https://insp.cd/category/sitrep/page/2/ 
2026-06-13 19:36:11 | Reading category: https://insp.cd/category/sitrep/page/3/ 
2026-06-13 19:36:14 | Latest online SitRep: 28 
2026-06-13 19:36:14 | No new SitRep to send. Already sent SitRep: 28 
2026-06-13 20:06:27 | ============================================================ 
2026-06-13 20:06:27 | PREIS cloud SitRep monitor started 
2026-06-13 20:06:27 | Reading category: https://insp.cd/category/sitrep/ 
2026-06-13 20:06:31 | Reading category: https://insp.cd/category/sitrep/page/2/ 
2026-06-13 20:06:34 | Reading category: https://insp.cd/category/sitrep/page/3/ 
2026-06-13 20:06:36 | Latest online SitRep: 28 
2026-06-13 20:06:36 | No new SitRep to send. Already sent SitRep: 28 
2026-06-13 20:36:33 | ============================================================ 
2026-06-13 20:36:33 | PREIS cloud SitRep monitor started 
2026-06-13 20:36:33 | Reading category: https://insp.cd/category/sitrep/ 
2026-06-13 20:36:37 | Reading category: https://insp.cd/category/sitrep/page/2/ 
2026-06-13 20:36:40 | Reading category: https://insp.cd/category/sitrep/page/3/ 
2026-06-13 20:36:43 | Latest online SitRep: 28 
2026-06-13 20:36:43 | No new SitRep to send. Already sent SitRep: 28 
2026-06-13 21:06:27 | ============================================================ 
2026-06-13 21:06:27 | PREIS cloud SitRep monitor started 
2026-06-13 21:06:27 | Reading category: https://insp.cd/category/sitrep/ 
2026-06-13 21:06:31 | Reading category: https://insp.cd/category/sitrep/page/2/ 
2026-06-13 21:06:34 | Reading category: https://insp.cd/category/sitrep/page/3/ 
2026-06-13 21:06:37 | Latest online SitRep: 28 
2026-06-13 21:06:37 | No new SitRep to send. Already sent SitRep: 28 
2026-06-13 21:37:24 | ============================================================ 
2026-06-13 21:37:24 | PREIS cloud SitRep monitor started 
2026-06-13 21:37:24 | Reading category: https://insp.cd/category/sitrep/ 
2026-06-13 21:37:29 | Reading category: https://insp.cd/category/sitrep/page/2/ 
2026-06-13 21:37:31 | Reading category: https://insp.cd/category/sitrep/page/3/ 
2026-06-13 21:37:34 | Latest online SitRep: 28 
2026-06-13 21:37:35 | No new SitRep to send. Already sent SitRep: 28 
2026-06-13 22:06:35 | ============================================================ 
2026-06-13 22:06:35 | PREIS cloud SitRep monitor started 
2026-06-13 22:06:35 | Reading category: https://insp.cd/category/sitrep/ 
2026-06-13 22:06:39 | Reading category: https://insp.cd/category/sitrep/page/2/ 
2026-06-13 22:06:43 | Reading category: https://insp.cd/category/sitrep/page/3/ 
2026-06-13 22:06:47 | Latest online SitRep: 28 
2026-06-13 22:06:47 | No new SitRep to send. Already sent SitRep: 28 
2026-06-13 22:37:06 | ============================================================ 
2026-06-13 22:37:06 | PREIS cloud SitRep monitor started 
2026-06-13 22:37:06 | Reading category: https://insp.cd/category/sitrep/ 
2026-06-13 22:37:10 | Reading category: https://insp.cd/category/sitrep/page/2/ 
2026-06-13 22:37:15 | Reading category: https://insp.cd/category/sitrep/page/3/ 
2026-06-13 22:37:19 | Latest online SitRep: 28 
2026-06-13 22:37:19 | No new SitRep to send. Already sent SitRep: 28 
2026-06-13 23:06:40 | ============================================================ 
2026-06-13 23:06:40 | PREIS cloud SitRep monitor started 
2026-06-13 23:06:40 | Reading category: https://insp.cd/category/sitrep/ 
2026-06-13 23:06:45 | Reading category: https://insp.cd/category/sitrep/page/2/ 
2026-06-13 23:06:50 | Reading category: https://insp.cd/category/sitrep/page/3/ 
2026-06-13 23:06:55 | Latest online SitRep: 28 
2026-06-13 23:06:55 | No new SitRep to send. Already sent SitRep: 28 
2026-06-13 23:36:47 | ============================================================ 
2026-06-13 23:36:47 | PREIS cloud SitRep monitor started 
2026-06-13 23:36:48 | Reading category: https://insp.cd/category/sitrep/ 
2026-06-13 23:36:52 | Reading category: https://insp.cd/category/sitrep/page/2/ 
2026-06-13 23:36:55 | Reading category: https://insp.cd/category/sitrep/page/3/ 
2026-06-13 23:36:59 | Latest online SitRep: 28 
2026-06-13 23:36:59 | No new SitRep to send. Already sent SitRep: 28 
